<?xml version="1.0" encoding="UTF-8"?>
<testng-results ignored="0" total="3" passed="3" failed="0" skipped="0">
  <reporter-output>
  </reporter-output>
  <suite started-at="2023-08-10T20:26:55 WIB" name="Default suite" finished-at="2023-08-10T20:27:34 WIB" duration-ms="39077">
    <groups>
      <group name="cucumber">
        <method signature="AbstractTestNGCucumberTests.runScenario(io.cucumber.testng.PickleWrapper,io.cucumber.testng.FeatureWrapper)[pri:0, instance:com.cucumber.selenium.step_definitions.TestRunner@56cdfb3b]" name="runScenario" class="io.cucumber.testng.AbstractTestNGCucumberTests"/>
      </group> <!-- cucumber -->
    </groups>
    <test started-at="2023-08-10T20:26:55 WIB" name="Default test" finished-at="2023-08-10T20:27:34 WIB" duration-ms="39077">
      <class name="com.cucumber.selenium.step_definitions.TestRunner">
        <test-method is-config="true" signature="setUpClass(org.testng.ITestContext)[pri:0, instance:com.cucumber.selenium.step_definitions.TestRunner@56cdfb3b]" started-at="2023-08-10T20:26:55 WIB" name="setUpClass" finished-at="2023-08-10T20:26:57 WIB" duration-ms="1749" status="PASS">
          <params>
            <param index="0">
              <value>
                <![CDATA[org.testng.TestRunner@7c781c42]]>
              </value>
            </param>
          </params>
          <reporter-output>
          </reporter-output>
        </test-method> <!-- setUpClass -->
        <test-method signature="runScenario(io.cucumber.testng.PickleWrapper,io.cucumber.testng.FeatureWrapper)[pri:0, instance:com.cucumber.selenium.step_definitions.TestRunner@56cdfb3b]" started-at="2023-08-10T20:26:57 WIB" name="runScenario" description="Runs Cucumber Scenarios" data-provider="scenarios" finished-at="2023-08-10T20:27:23 WIB" duration-ms="25691" status="PASS">
          <params>
            <param index="0">
              <value>
                <![CDATA["login main page"]]>
              </value>
            </param>
            <param index="1">
              <value>
                <![CDATA["User on website swaglab"]]>
              </value>
            </param>
          </params>
          <reporter-output>
          </reporter-output>
        </test-method> <!-- runScenario -->
        <test-method signature="runScenario(io.cucumber.testng.PickleWrapper,io.cucumber.testng.FeatureWrapper)[pri:0, instance:com.cucumber.selenium.step_definitions.TestRunner@56cdfb3b]" started-at="2023-08-10T20:27:23 WIB" name="runScenario" description="Runs Cucumber Scenarios" data-provider="scenarios" finished-at="2023-08-10T20:27:27 WIB" duration-ms="4163" status="PASS">
          <params>
            <param index="0">
              <value>
                <![CDATA["login main page"]]>
              </value>
            </param>
            <param index="1">
              <value>
                <![CDATA["User on website swaglab"]]>
              </value>
            </param>
          </params>
          <reporter-output>
          </reporter-output>
        </test-method> <!-- runScenario -->
        <test-method signature="runScenario(io.cucumber.testng.PickleWrapper,io.cucumber.testng.FeatureWrapper)[pri:0, instance:com.cucumber.selenium.step_definitions.TestRunner@56cdfb3b]" started-at="2023-08-10T20:27:27 WIB" name="runScenario" description="Runs Cucumber Scenarios" data-provider="scenarios" finished-at="2023-08-10T20:27:31 WIB" duration-ms="4074" status="PASS">
          <params>
            <param index="0">
              <value>
                <![CDATA["login main page"]]>
              </value>
            </param>
            <param index="1">
              <value>
                <![CDATA["User on website swaglab"]]>
              </value>
            </param>
          </params>
          <reporter-output>
          </reporter-output>
        </test-method> <!-- runScenario -->
        <test-method is-config="true" signature="tearDownClass()[pri:0, instance:com.cucumber.selenium.step_definitions.TestRunner@56cdfb3b]" started-at="2023-08-10T20:27:31 WIB" name="tearDownClass" finished-at="2023-08-10T20:27:34 WIB" duration-ms="3108" status="PASS">
          <reporter-output>
          </reporter-output>
        </test-method> <!-- tearDownClass -->
      </class> <!-- com.cucumber.selenium.step_definitions.TestRunner -->
    </test> <!-- Default test -->
  </suite> <!-- Default suite -->
</testng-results>
